# JRE version: OpenJDK Runtime Environment (21.0.5) (build 21.0.5+-13047016-b750.29)
# Java VM: OpenJDK 64-Bit Server VM (21.0.5+-13047016-b750.29, mixed mode, tiered, compressed oops, compressed class ptrs, g1 gc, windows-amd64)
GC Precious Log:
 CardTable entry size: 512
 Card Set container configuration: InlinePtr #cards 4 size 8 Array Of Cards #cards 16 size 48 Howl #buckets 8 coarsen threshold 3686 Howl Bitmap #cards 512 size 80 coarsen threshold 460 Card regions per heap region 1 cards per card region 4096
 CPUs: 4 total, 4 available
 Memory: 7989M
 Large Page Support: Disabled
 NUMA Support: Disabled
 Compressed Oops: Enabled (Zero based)
 Heap Region Size: 2M
 Heap Min Capacity: 8M
 Heap Initial Capacity: 126M
 Heap Max Capacity: 4G
 Pre-touch: Disabled
 Parallel Workers: 4
 Concurrent Workers: 1
 Concurrent Refinement Workers: 4
 Periodic GC: Disabled
Heap:
 garbage-first heap   total 772096K, used 658432K [0x0000000700000000, 0x0000000800000000)
  region size 2048K, 140 young (286720K), 11 survivors (22528K)
 Metaspace       used 184346K, committed 187008K, reserved 1245184K
  class space    used 23556K, committed 24960K, reserved 1048576K
GC Heap History (20 events):
Event: 338.817 GC heap before
{Heap before GC invocations=85 (full 0):
 garbage-first heap   total 704512K, used 648357K [0x0000000700000000, 0x0000000800000000)
  region size 2048K, 141 young (288768K), 9 survivors (18432K)
 Metaspace       used 174276K, committed 176768K, reserved 1245184K
  class space    used 22839K, committed 24128K, reserved 1048576K
}
Event: 338.928 GC heap after
{Heap after GC invocations=86 (full 0):
 garbage-first heap   total 704512K, used 368839K [0x0000000700000000, 0x0000000800000000)
  region size 2048K, 12 young (24576K), 12 survivors (24576K)
 Metaspace       used 174276K, committed 176768K, reserved 1245184K
  class space    used 22839K, committed 24128K, reserved 1048576K
}
Event: 344.921 GC heap before
{Heap before GC invocations=86 (full 0):
 garbage-first heap   total 704512K, used 639175K [0x0000000700000000, 0x0000000800000000)
  region size 2048K, 145 young (296960K), 12 survivors (24576K)
 Metaspace       used 177055K, committed 179584K, reserved 1245184K
  class space    used 22968K, committed 24256K, reserved 1048576K
}
Event: 344.985 GC heap after
{Heap after GC invocations=87 (full 0):
 garbage-first heap   total 704512K, used 374579K [0x0000000700000000, 0x0000000800000000)
  region size 2048K, 13 young (26624K), 13 survivors (26624K)
 Metaspace       used 177055K, committed 179584K, reserved 1245184K
  class space    used 22968K, committed 24256K, reserved 1048576K
}
Event: 391.561 GC heap before
{Heap before GC invocations=88 (full 0):
 garbage-first heap   total 704512K, used 687923K [0x0000000700000000, 0x0000000800000000)
  region size 2048K, 143 young (292864K), 13 survivors (26624K)
 Metaspace       used 178878K, committed 181504K, reserved 1245184K
  class space    used 23201K, committed 24576K, reserved 1048576K
}
Event: 391.752 GC heap after
{Heap after GC invocations=89 (full 0):
 garbage-first heap   total 708608K, used 337733K [0x0000000700000000, 0x0000000800000000)
  region size 2048K, 3 young (6144K), 3 survivors (6144K)
 Metaspace       used 178878K, committed 181504K, reserved 1245184K
  class space    used 23201K, committed 24576K, reserved 1048576K
}
Event: 646.924 GC heap before
{Heap before GC invocations=89 (full 0):
 garbage-first heap   total 708608K, used 704325K [0x0000000700000000, 0x0000000800000000)
  region size 2048K, 152 young (311296K), 3 survivors (6144K)
 Metaspace       used 179590K, committed 182208K, reserved 1245184K
  class space    used 23227K, committed 24576K, reserved 1048576K
}
Event: 647.233 GC heap after
{Heap after GC invocations=90 (full 0):
 garbage-first heap   total 739328K, used 291183K [0x0000000700000000, 0x0000000800000000)
  region size 2048K, 7 young (14336K), 7 survivors (14336K)
 Metaspace       used 179590K, committed 182208K, reserved 1245184K
  class space    used 23227K, committed 24576K, reserved 1048576K
}
Event: 653.164 GC heap before
{Heap before GC invocations=90 (full 0):
 garbage-first heap   total 739328K, used 340335K [0x0000000700000000, 0x0000000800000000)
  region size 2048K, 32 young (65536K), 7 survivors (14336K)
 Metaspace       used 179773K, committed 182336K, reserved 1245184K
  class space    used 23239K, committed 24576K, reserved 1048576K
}
Event: 653.328 GC heap after
{Heap after GC invocations=91 (full 0):
 garbage-first heap   total 739328K, used 285952K [0x0000000700000000, 0x0000000800000000)
  region size 2048K, 2 young (4096K), 2 survivors (4096K)
 Metaspace       used 179773K, committed 182336K, reserved 1245184K
  class space    used 23239K, committed 24576K, reserved 1048576K
}
Event: 826.371 GC heap before
{Heap before GC invocations=91 (full 0):
 garbage-first heap   total 739328K, used 425216K [0x0000000700000000, 0x0000000800000000)
  region size 2048K, 50 young (102400K), 2 survivors (4096K)
 Metaspace       used 179945K, committed 182592K, reserved 1245184K
  class space    used 23249K, committed 24576K, reserved 1048576K
}
Event: 826.474 GC heap after
{Heap after GC invocations=92 (full 0):
 garbage-first heap   total 739328K, used 284743K [0x0000000700000000, 0x0000000800000000)
  region size 2048K, 5 young (10240K), 5 survivors (10240K)
 Metaspace       used 179945K, committed 182592K, reserved 1245184K
  class space    used 23249K, committed 24576K, reserved 1048576K
}
Event: 827.304 GC heap before
{Heap before GC invocations=92 (full 0):
 garbage-first heap   total 739328K, used 311367K [0x0000000700000000, 0x0000000800000000)
  region size 2048K, 18 young (36864K), 5 survivors (10240K)
 Metaspace       used 180046K, committed 182656K, reserved 1245184K
  class space    used 23249K, committed 24576K, reserved 1048576K
}
Event: 827.438 GC heap after
{Heap after GC invocations=93 (full 0):
 garbage-first heap   total 739328K, used 282111K [0x0000000700000000, 0x0000000800000000)
  region size 2048K, 3 young (6144K), 3 survivors (6144K)
 Metaspace       used 180046K, committed 182656K, reserved 1245184K
  class space    used 23249K, committed 24576K, reserved 1048576K
}
Event: 1429.411 GC heap before
{Heap before GC invocations=93 (full 0):
 garbage-first heap   total 739328K, used 736767K [0x0000000700000000, 0x0000000800000000)
  region size 2048K, 196 young (401408K), 3 survivors (6144K)
 Metaspace       used 180702K, committed 183296K, reserved 1245184K
  class space    used 23250K, committed 24576K, reserved 1048576K
}
Event: 1429.506 GC heap after
{Heap after GC invocations=94 (full 0):
 garbage-first heap   total 768000K, used 301268K [0x0000000700000000, 0x0000000800000000)
  region size 2048K, 12 young (24576K), 12 survivors (24576K)
 Metaspace       used 180702K, committed 183296K, reserved 1245184K
  class space    used 23250K, committed 24576K, reserved 1048576K
}
Event: 1434.325 GC heap before
{Heap before GC invocations=94 (full 0):
 garbage-first heap   total 768000K, used 360660K [0x0000000700000000, 0x0000000800000000)
  region size 2048K, 42 young (86016K), 12 survivors (24576K)
 Metaspace       used 180890K, committed 183488K, reserved 1245184K
  class space    used 23264K, committed 24576K, reserved 1048576K
}
Event: 1434.397 GC heap after
{Heap after GC invocations=95 (full 0):
 garbage-first heap   total 768000K, used 302774K [0x0000000700000000, 0x0000000800000000)
  region size 2048K, 13 young (26624K), 13 survivors (26624K)
 Metaspace       used 180890K, committed 183488K, reserved 1245184K
  class space    used 23264K, committed 24576K, reserved 1048576K
}
Event: 1573.388 GC heap before
{Heap before GC invocations=96 (full 0):
 garbage-first heap   total 768000K, used 746496K [0x0000000700000000, 0x0000000800000000)
  region size 2048K, 206 young (421888K), 13 survivors (26624K)
 Metaspace       used 181606K, committed 184256K, reserved 1245184K
  class space    used 23270K, committed 24640K, reserved 1048576K
}
Event: 1573.438 GC heap after
{Heap after GC invocations=97 (full 0):
 garbage-first heap   total 772096K, used 291840K [0x0000000700000000, 0x0000000800000000)
  region size 2048K, 11 young (22528K), 11 survivors (22528K)
 Metaspace       used 181606K, committed 184256K, reserved 1245184K
  class space    used 23270K, committed 24640K, reserved 1048576K
}

