# JRE version: OpenJDK Runtime Environment (21.0.5) (build 21.0.5+-13047016-b750.29)
# Java VM: OpenJDK 64-Bit Server VM (21.0.5+-13047016-b750.29, mixed mode, tiered, compressed oops, compressed class ptrs, g1 gc, windows-amd64)
GC Precious Log:
 CardTable entry size: 512
 Card Set container configuration: InlinePtr #cards 5 size 8 Array Of Cards #cards 12 size 40 Howl #buckets 4 coarsen threshold 1843 Howl Bitmap #cards 512 size 80 coarsen threshold 460 Card regions per heap region 1 cards per card region 2048
 CPUs: 4 total, 4 available
 Memory: 7989M
 Large Page Support: Disabled
 NUMA Support: Disabled
 Compressed Oops: Enabled (32-bit)
 Heap Region Size: 1M
 Heap Min Capacity: 8M
 Heap Initial Capacity: 126M
 Heap Max Capacity: 1998M
 Pre-touch: Disabled
 Parallel Workers: 4
 Concurrent Workers: 1
 Concurrent Refinement Workers: 4
 Periodic GC: Disabled
Heap:
 garbage-first heap   total 93184K, used 64916K [0x0000000083200000, 0x0000000100000000)
  region size 1024K, 3 young (3072K), 3 survivors (3072K)
 Metaspace       used 64245K, committed 64960K, reserved 1114112K
  class space    used 7172K, committed 7552K, reserved 1048576K
GC Heap History (20 events):
Event: 9.956 GC heap after
{Heap after GC invocations=22 (full 0):
 garbage-first heap   total 59392K, used 38400K [0x0000000083200000, 0x0000000100000000)
  region size 1024K, 3 young (3072K), 3 survivors (3072K)
 Metaspace       used 53123K, committed 53824K, reserved 1114112K
  class space    used 6095K, committed 6400K, reserved 1048576K
}
Event: 10.591 GC heap before
{Heap before GC invocations=22 (full 0):
 garbage-first heap   total 59392K, used 51712K [0x0000000083200000, 0x0000000100000000)
  region size 1024K, 16 young (16384K), 3 survivors (3072K)
 Metaspace       used 53404K, committed 54080K, reserved 1114112K
  class space    used 6102K, committed 6400K, reserved 1048576K
}
Event: 10.614 GC heap after
{Heap after GC invocations=23 (full 0):
 garbage-first heap   total 59392K, used 40960K [0x0000000083200000, 0x0000000100000000)
  region size 1024K, 2 young (2048K), 2 survivors (2048K)
 Metaspace       used 53404K, committed 54080K, reserved 1114112K
  class space    used 6102K, committed 6400K, reserved 1048576K
}
Event: 11.149 GC heap before
{Heap before GC invocations=24 (full 0):
 garbage-first heap   total 68608K, used 53248K [0x0000000083200000, 0x0000000100000000)
  region size 1024K, 14 young (14336K), 2 survivors (2048K)
 Metaspace       used 53457K, committed 54144K, reserved 1114112K
  class space    used 6103K, committed 6400K, reserved 1048576K
}
Event: 11.169 GC heap after
{Heap after GC invocations=25 (full 0):
 garbage-first heap   total 68608K, used 44023K [0x0000000083200000, 0x0000000100000000)
  region size 1024K, 2 young (2048K), 2 survivors (2048K)
 Metaspace       used 53457K, committed 54144K, reserved 1114112K
  class space    used 6103K, committed 6400K, reserved 1048576K
}
Event: 11.665 GC heap before
{Heap before GC invocations=25 (full 0):
 garbage-first heap   total 68608K, used 60407K [0x0000000083200000, 0x0000000100000000)
  region size 1024K, 18 young (18432K), 2 survivors (2048K)
 Metaspace       used 53638K, committed 54336K, reserved 1114112K
  class space    used 6111K, committed 6464K, reserved 1048576K
}
Event: 11.685 GC heap after
{Heap after GC invocations=26 (full 0):
 garbage-first heap   total 68608K, used 46884K [0x0000000083200000, 0x0000000100000000)
  region size 1024K, 3 young (3072K), 3 survivors (3072K)
 Metaspace       used 53638K, committed 54336K, reserved 1114112K
  class space    used 6111K, committed 6464K, reserved 1048576K
}
Event: 11.921 GC heap before
{Heap before GC invocations=26 (full 0):
 garbage-first heap   total 68608K, used 61220K [0x0000000083200000, 0x0000000100000000)
  region size 1024K, 17 young (17408K), 3 survivors (3072K)
 Metaspace       used 53821K, committed 54528K, reserved 1114112K
  class space    used 6131K, committed 6464K, reserved 1048576K
}
Event: 11.933 GC heap after
{Heap after GC invocations=27 (full 0):
 garbage-first heap   total 89088K, used 47918K [0x0000000083200000, 0x0000000100000000)
  region size 1024K, 1 young (1024K), 1 survivors (1024K)
 Metaspace       used 53821K, committed 54528K, reserved 1114112K
  class space    used 6131K, committed 6464K, reserved 1048576K
}
Event: 12.261 GC heap before
{Heap before GC invocations=28 (full 0):
 garbage-first heap   total 89088K, used 75566K [0x0000000083200000, 0x0000000100000000)
  region size 1024K, 28 young (28672K), 1 survivors (1024K)
 Metaspace       used 53853K, committed 54528K, reserved 1114112K
  class space    used 6132K, committed 6464K, reserved 1048576K
}
Event: 12.264 GC heap after
{Heap after GC invocations=29 (full 0):
 garbage-first heap   total 89088K, used 47942K [0x0000000083200000, 0x0000000100000000)
  region size 1024K, 1 young (1024K), 1 survivors (1024K)
 Metaspace       used 53853K, committed 54528K, reserved 1114112K
  class space    used 6132K, committed 6464K, reserved 1048576K
}
Event: 14.505 GC heap before
{Heap before GC invocations=29 (full 0):
 garbage-first heap   total 89088K, used 80710K [0x0000000083200000, 0x0000000100000000)
  region size 1024K, 33 young (33792K), 1 survivors (1024K)
 Metaspace       used 60179K, committed 60928K, reserved 1114112K
  class space    used 6977K, committed 7360K, reserved 1048576K
}
Event: 14.529 GC heap after
{Heap after GC invocations=30 (full 0):
 garbage-first heap   total 89088K, used 50572K [0x0000000083200000, 0x0000000100000000)
  region size 1024K, 5 young (5120K), 5 survivors (5120K)
 Metaspace       used 60179K, committed 60928K, reserved 1114112K
  class space    used 6977K, committed 7360K, reserved 1048576K
}
Event: 16.760 GC heap before
{Heap before GC invocations=30 (full 0):
 garbage-first heap   total 89088K, used 77196K [0x0000000083200000, 0x0000000100000000)
  region size 1024K, 31 young (31744K), 5 survivors (5120K)
 Metaspace       used 62306K, committed 63104K, reserved 1114112K
  class space    used 7118K, committed 7488K, reserved 1048576K
}
Event: 16.787 GC heap after
{Heap after GC invocations=31 (full 0):
 garbage-first heap   total 89088K, used 55296K [0x0000000083200000, 0x0000000100000000)
  region size 1024K, 4 young (4096K), 4 survivors (4096K)
 Metaspace       used 62306K, committed 63104K, reserved 1114112K
  class space    used 7118K, committed 7488K, reserved 1048576K
}
Event: 19.375 GC heap before
{Heap before GC invocations=32 (full 0):
 garbage-first heap   total 92160K, used 78848K [0x0000000083200000, 0x0000000100000000)
  region size 1024K, 27 young (27648K), 4 survivors (4096K)
 Metaspace       used 63479K, committed 64256K, reserved 1114112K
  class space    used 7147K, committed 7552K, reserved 1048576K
}
Event: 19.402 GC heap after
{Heap after GC invocations=33 (full 0):
 garbage-first heap   total 92160K, used 58368K [0x0000000083200000, 0x0000000100000000)
  region size 1024K, 3 young (3072K), 3 survivors (3072K)
 Metaspace       used 63479K, committed 64256K, reserved 1114112K
  class space    used 7147K, committed 7552K, reserved 1048576K
}
Event: 20.823 GC heap before
{Heap before GC invocations=33 (full 0):
 garbage-first heap   total 92160K, used 83968K [0x0000000083200000, 0x0000000100000000)
  region size 1024K, 27 young (27648K), 3 survivors (3072K)
 Metaspace       used 63975K, committed 64704K, reserved 1114112K
  class space    used 7162K, committed 7552K, reserved 1048576K
}
Event: 20.855 GC heap after
{Heap after GC invocations=34 (full 0):
 garbage-first heap   total 93184K, used 61548K [0x0000000083200000, 0x0000000100000000)
  region size 1024K, 4 young (4096K), 4 survivors (4096K)
 Metaspace       used 63975K, committed 64704K, reserved 1114112K
  class space    used 7162K, committed 7552K, reserved 1048576K
}
Event: 21.942 GC heap before
{Heap before GC invocations=34 (full 0):
 garbage-first heap   total 93184K, used 82028K [0x0000000083200000, 0x0000000100000000)
  region size 1024K, 24 young (24576K), 4 survivors (4096K)
 Metaspace       used 64245K, committed 64960K, reserved 1114112K
  class space    used 7172K, committed 7552K, reserved 1048576K
}

