# JRE version: OpenJDK Runtime Environment (21.0.5) (build 21.0.5+-13047016-b750.29)
# Java VM: OpenJDK 64-Bit Server VM (21.0.5+-13047016-b750.29, mixed mode, tiered, compressed oops, compressed class ptrs, g1 gc, windows-amd64)
GC Precious Log:
 CardTable entry size: 512
 Card Set container configuration: InlinePtr #cards 5 size 8 Array Of Cards #cards 12 size 40 Howl #buckets 4 coarsen threshold 1843 Howl Bitmap #cards 512 size 80 coarsen threshold 460 Card regions per heap region 1 cards per card region 2048
 CPUs: 4 total, 4 available
 Memory: 7989M
 Large Page Support: Disabled
 NUMA Support: Disabled
 Compressed Oops: Enabled (32-bit)
 Heap Region Size: 1M
 Heap Min Capacity: 8M
 Heap Initial Capacity: 126M
 Heap Max Capacity: 1998M
 Pre-touch: Disabled
 Parallel Workers: 4
 Concurrent Workers: 1
 Concurrent Refinement Workers: 4
 Periodic GC: Disabled
Heap:
 garbage-first heap   total 78848K, used 48872K [0x0000000083200000, 0x0000000100000000)
  region size 1024K, 3 young (3072K), 3 survivors (3072K)
 Metaspace       used 59435K, committed 60160K, reserved 1114112K
  class space    used 6915K, committed 7296K, reserved 1048576K
GC Heap History (20 events):
Event: 6.632 GC heap after
{Heap after GC invocations=15 (full 0):
 garbage-first heap   total 51200K, used 26703K [0x0000000083200000, 0x0000000100000000)
  region size 1024K, 3 young (3072K), 3 survivors (3072K)
 Metaspace       used 47333K, committed 48064K, reserved 1114112K
  class space    used 5633K, committed 5952K, reserved 1048576K
}
Event: 6.900 GC heap before
{Heap before GC invocations=16 (full 0):
 garbage-first heap   total 51200K, used 43087K [0x0000000083200000, 0x0000000100000000)
  region size 1024K, 19 young (19456K), 3 survivors (3072K)
 Metaspace       used 47369K, committed 48064K, reserved 1114112K
  class space    used 5633K, committed 5952K, reserved 1048576K
}
Event: 6.907 GC heap after
{Heap after GC invocations=17 (full 0):
 garbage-first heap   total 51200K, used 27392K [0x0000000083200000, 0x0000000100000000)
  region size 1024K, 1 young (1024K), 1 survivors (1024K)
 Metaspace       used 47369K, committed 48064K, reserved 1114112K
  class space    used 5633K, committed 5952K, reserved 1048576K
}
Event: 7.373 GC heap before
{Heap before GC invocations=17 (full 0):
 garbage-first heap   total 51200K, used 43776K [0x0000000083200000, 0x0000000100000000)
  region size 1024K, 17 young (17408K), 1 survivors (1024K)
 Metaspace       used 48802K, committed 49536K, reserved 1114112K
  class space    used 5788K, committed 6144K, reserved 1048576K
}
Event: 7.385 GC heap after
{Heap after GC invocations=18 (full 0):
 garbage-first heap   total 51200K, used 28445K [0x0000000083200000, 0x0000000100000000)
  region size 1024K, 2 young (2048K), 2 survivors (2048K)
 Metaspace       used 48802K, committed 49536K, reserved 1114112K
  class space    used 5788K, committed 6144K, reserved 1048576K
}
Event: 7.816 GC heap before
{Heap before GC invocations=18 (full 0):
 garbage-first heap   total 51200K, used 43805K [0x0000000083200000, 0x0000000100000000)
  region size 1024K, 18 young (18432K), 2 survivors (2048K)
 Metaspace       used 50111K, committed 50816K, reserved 1114112K
  class space    used 5911K, committed 6208K, reserved 1048576K
}
Event: 7.833 GC heap after
{Heap after GC invocations=19 (full 0):
 garbage-first heap   total 51200K, used 31003K [0x0000000083200000, 0x0000000100000000)
  region size 1024K, 3 young (3072K), 3 survivors (3072K)
 Metaspace       used 50111K, committed 50816K, reserved 1114112K
  class space    used 5911K, committed 6208K, reserved 1048576K
}
Event: 8.932 GC heap before
{Heap before GC invocations=20 (full 0):
 garbage-first heap   total 53248K, used 43291K [0x0000000083200000, 0x0000000100000000)
  region size 1024K, 15 young (15360K), 3 survivors (3072K)
 Metaspace       used 52000K, committed 52672K, reserved 1114112K
  class space    used 6061K, committed 6400K, reserved 1048576K
}
Event: 8.950 GC heap after
{Heap after GC invocations=21 (full 0):
 garbage-first heap   total 53248K, used 33709K [0x0000000083200000, 0x0000000100000000)
  region size 1024K, 2 young (2048K), 2 survivors (2048K)
 Metaspace       used 52000K, committed 52672K, reserved 1114112K
  class space    used 6061K, committed 6400K, reserved 1048576K
}
Event: 9.835 GC heap before
{Heap before GC invocations=21 (full 0):
 garbage-first heap   total 53248K, used 47021K [0x0000000083200000, 0x0000000100000000)
  region size 1024K, 15 young (15360K), 2 survivors (2048K)
 Metaspace       used 52817K, committed 53440K, reserved 1114112K
  class space    used 6090K, committed 6400K, reserved 1048576K
}
Event: 9.853 GC heap after
{Heap after GC invocations=22 (full 0):
 garbage-first heap   total 76800K, used 36413K [0x0000000083200000, 0x0000000100000000)
  region size 1024K, 2 young (2048K), 2 survivors (2048K)
 Metaspace       used 52817K, committed 53440K, reserved 1114112K
  class space    used 6090K, committed 6400K, reserved 1048576K
}
Event: 11.161 GC heap before
{Heap before GC invocations=22 (full 0):
 garbage-first heap   total 76800K, used 65085K [0x0000000083200000, 0x0000000100000000)
  region size 1024K, 30 young (30720K), 2 survivors (2048K)
 Metaspace       used 53398K, committed 54144K, reserved 1114112K
  class space    used 6111K, committed 6464K, reserved 1048576K
}
Event: 11.188 GC heap after
{Heap after GC invocations=23 (full 0):
 garbage-first heap   total 76800K, used 41628K [0x0000000083200000, 0x0000000100000000)
  region size 1024K, 4 young (4096K), 4 survivors (4096K)
 Metaspace       used 53398K, committed 54144K, reserved 1114112K
  class space    used 6111K, committed 6464K, reserved 1048576K
}
Event: 11.901 GC heap before
{Heap before GC invocations=23 (full 0):
 garbage-first heap   total 76800K, used 64156K [0x0000000083200000, 0x0000000100000000)
  region size 1024K, 26 young (26624K), 4 survivors (4096K)
 Metaspace       used 53621K, committed 54336K, reserved 1114112K
  class space    used 6122K, committed 6464K, reserved 1048576K
}
Event: 11.931 GC heap after
{Heap after GC invocations=24 (full 0):
 garbage-first heap   total 76800K, used 46080K [0x0000000083200000, 0x0000000100000000)
  region size 1024K, 4 young (4096K), 4 survivors (4096K)
 Metaspace       used 53621K, committed 54336K, reserved 1114112K
  class space    used 6122K, committed 6464K, reserved 1048576K
}
Event: 12.107 GC heap before
{Heap before GC invocations=24 (full 0):
 garbage-first heap   total 76800K, used 66560K [0x0000000083200000, 0x0000000100000000)
  region size 1024K, 24 young (24576K), 4 survivors (4096K)
 Metaspace       used 53800K, committed 54528K, reserved 1114112K
  class space    used 6141K, committed 6464K, reserved 1048576K
}
Event: 12.118 GC heap after
{Heap after GC invocations=25 (full 0):
 garbage-first heap   total 76800K, used 46860K [0x0000000083200000, 0x0000000100000000)
  region size 1024K, 1 young (1024K), 1 survivors (1024K)
 Metaspace       used 53800K, committed 54528K, reserved 1114112K
  class space    used 6141K, committed 6464K, reserved 1048576K
}
Event: 12.612 GC heap before
{Heap before GC invocations=26 (full 0):
 garbage-first heap   total 78848K, used 68364K [0x0000000083200000, 0x0000000100000000)
  region size 1024K, 22 young (22528K), 1 survivors (1024K)
 Metaspace       used 54186K, committed 54912K, reserved 1114112K
  class space    used 6196K, committed 6528K, reserved 1048576K
}
Event: 12.615 GC heap after
{Heap after GC invocations=27 (full 0):
 garbage-first heap   total 78848K, used 46381K [0x0000000083200000, 0x0000000100000000)
  region size 1024K, 1 young (1024K), 1 survivors (1024K)
 Metaspace       used 54186K, committed 54912K, reserved 1114112K
  class space    used 6196K, committed 6528K, reserved 1048576K
}
Event: 14.141 GC heap before
{Heap before GC invocations=27 (full 0):
 garbage-first heap   total 78848K, used 69933K [0x0000000083200000, 0x0000000100000000)
  region size 1024K, 24 young (24576K), 1 survivors (1024K)
 Metaspace       used 59435K, committed 60160K, reserved 1114112K
  class space    used 6915K, committed 7296K, reserved 1048576K
}

